<?xml version="1.0" encoding="UTF-8"?>
<testng-results skipped="0" failed="0" ignored="0" total="1" passed="1">
  <reporter-output>
  </reporter-output>
  <suite name="Suite1" duration-ms="11038" started-at="2019-06-29T16:50:29Z" finished-at="2019-06-29T16:50:40Z">
    <groups>
    </groups>
    <test name="test" duration-ms="11038" started-at="2019-06-29T16:50:29Z" finished-at="2019-06-29T16:50:40Z">
      <class name="TestNG.verifyaddbook">
        <test-method status="PASS" signature="launch()[pri:0, instance:TestNG.verifyaddbook@14acaea5]" name="launch" is-config="true" duration-ms="6950" started-at="2019-06-29T16:50:29Z" finished-at="2019-06-29T16:50:36Z">
          <reporter-output>
          </reporter-output>
        </test-method> <!-- launch -->
        <test-method status="PASS" signature="verify()[pri:0, instance:TestNG.verifyaddbook@14acaea5]" name="verify" duration-ms="1979" started-at="2019-06-29T16:50:36Z" finished-at="2019-06-29T16:50:38Z">
          <reporter-output>
          </reporter-output>
        </test-method> <!-- verify -->
        <test-method status="PASS" signature="close()[pri:0, instance:TestNG.verifyaddbook@14acaea5]" name="close" is-config="true" duration-ms="2081" started-at="2019-06-29T16:50:38Z" finished-at="2019-06-29T16:50:40Z">
          <reporter-output>
          </reporter-output>
        </test-method> <!-- close -->
      </class> <!-- TestNG.verifyaddbook -->
    </test> <!-- test -->
  </suite> <!-- Suite1 -->
</testng-results>
